-------------------------------------------------------------------------------
Test set: com.example.college_directory.CollegeDirectoryApplicationTests
-------------------------------------------------------------------------------
Tests run: 1, Failures: 0, Errors: 1, Skipped: 0, Time elapsed: 0.489 s <<< FAILURE! - in com.example.college_directory.CollegeDirectoryApplicationTests
com.example.college_directory.CollegeDirectoryApplicationTests  Time elapsed: 0.487 s  <<< ERROR!
java.lang.IllegalStateException: Unable to find a @SpringBootConfiguration, you need to use @ContextConfiguration or @SpringBootTest(classes=...) with your test

