<?xml version="1.0" encoding="UTF-8"?>
<testsuite xmlns:xsi="http://www.w3.org/2001/XMLSchema-instance" xsi:noNamespaceSchemaLocation="https://maven.apache.org/surefire/maven-surefire-plugin/xsd/surefire-test-report.xsd" name="com.example.college_directory.CollegeDirectoryApplicationTests" time="0.489" tests="1" errors="1" skipped="0" failures="0">
  <properties>
[...]
</properties>
  <testcase name="com.example.college_directory.CollegeDirectoryApplicationTests" classname="com.example.college_directory.CollegeDirectoryApplicationTests" time="0.487">
    <error message="Unable to find a @SpringBootConfiguration, you need to use @ContextConfiguration or @SpringBootTest(classes=...) with your test" type="java.lang.IllegalStateException">java.lang.IllegalStateException: Unable to find a @SpringBootConfiguration, you need to use @ContextConfiguration or @SpringBootTest(classes=...) with your test
</error>
    <system-out><![CDATA[02:03:06.806 [main] DEBUG org.springframework.test.context.BootstrapUtils - Instantiating CacheAwareContextLoaderDelegate from class [org.springframework.test.context.cache.DefaultCacheAwareContextLoaderDelegate]
02:03:06.832 [main] DEBUG org.springframework.test.context.BootstrapUtils - Instantiating BootstrapContext using constructor [public org.springframework.test.context.support.DefaultBootstrapContext(java.lang.Class,org.springframework.test.context.CacheAwareContextLoaderDelegate)]
02:03:06.905 [main] DEBUG org.springframework.test.context.BootstrapUtils - Instantiating TestContextBootstrapper for test class [com.example.college_directory.CollegeDirectoryApplicationTests] from class [org.springframework.boot.test.context.SpringBootTestContextBootstrapper]
02:03:06.932 [main] INFO org.springframework.boot.test.context.SpringBootTestContextBootstrapper - Neither @ContextConfiguration nor @ContextHierarchy found for test class [com.example.college_directory.CollegeDirectoryApplicationTests], using SpringBootContextLoader
02:03:06.939 [main] DEBUG org.springframework.test.context.support.AbstractContextLoader - Did not detect default resource location for test class [com.example.college_directory.CollegeDirectoryApplicationTests]: class path resource [com/example/college_directory/CollegeDirectoryApplicationTests-context.xml] does not exist
02:03:06.940 [main] DEBUG org.springframework.test.context.support.AbstractContextLoader - Did not detect default resource location for test class [com.example.college_directory.CollegeDirectoryApplicationTests]: class path resource [com/example/college_directory/CollegeDirectoryApplicationTestsContext.groovy] does not exist
02:03:06.940 [main] INFO org.springframework.test.context.support.AbstractContextLoader - Could not detect default resource locations for test class [com.example.college_directory.CollegeDirectoryApplicationTests]: no resource found for suffixes {-context.xml, Context.groovy}.
02:03:06.943 [main] INFO org.springframework.test.context.support.AnnotationConfigContextLoaderUtils - Could not detect default configuration classes for test class [com.example.college_directory.CollegeDirectoryApplicationTests]: CollegeDirectoryApplicationTests does not declare any static, non-private, non-final, nested classes annotated with @Configuration.
02:03:07.047 [main] DEBUG org.springframework.test.context.support.ActiveProfilesUtils - Could not find an 'annotation declaring class' for annotation type [org.springframework.test.context.ActiveProfiles] and class [com.example.college_directory.CollegeDirectoryApplicationTests]
]]></system-out>
  </testcase>
</testsuite>